-------------------------------------------------------------------------------
Test set: com.challenge.suite.ChallengeTestSuite
-------------------------------------------------------------------------------
Tests run: 18, Failures: 0, Errors: 18, Skipped: 0, Time elapsed: 30.106 s <<< FAILURE! - in com.challenge.suite.ChallengeTestSuite
whenFindByCompanyId(com.challenge.suite.AccelerationServiceTest)  Time elapsed: 0.006 s  <<< ERROR!
java.lang.IllegalStateException: Failed to load ApplicationContext
Caused by: org.springframework.beans.factory.UnsatisfiedDependencyException: Error creating bean with name 'accelerationService': Unsatisfied dependency expressed through field 'accelerationRepository'; nested exception is org.springframework.beans.factory.BeanCreationException: Error creating bean with name 'accelerationRepository': Invocation of init method failed; nested exception is java.lang.IllegalArgumentException: Failed to create query for method public abstract com.challenge.entity.Acceleration com.challenge.repository.AccelerationRepository.findByCompanyId(long)! No property companyId found for type Acceleration!
Caused by: org.springframework.beans.factory.BeanCreationException: Error creating bean with name 'accelerationRepository': Invocation of init method failed; nested exception is java.lang.IllegalArgumentException: Failed to create query for method public abstract com.challenge.entity.Acceleration com.challenge.repository.AccelerationRepository.findByCompanyId(long)! No property companyId found for type Acceleration!
Caused by: java.lang.IllegalArgumentException: Failed to create query for method public abstract com.challenge.entity.Acceleration com.challenge.repository.AccelerationRepository.findByCompanyId(long)! No property companyId found for type Acceleration!
Caused by: org.springframework.data.mapping.PropertyReferenceException: No property companyId found for type Acceleration!

whenFindById(com.challenge.suite.AccelerationServiceTest)  Time elapsed: 0 s  <<< ERROR!
java.lang.IllegalStateException: Failed to load ApplicationContext
Caused by: org.springframework.beans.factory.UnsatisfiedDependencyException: Error creating bean with name 'accelerationService': Unsatisfied dependency expressed through field 'accelerationRepository'; nested exception is org.springframework.beans.factory.BeanCreationException: Error creating bean with name 'accelerationRepository': Invocation of init method failed; nested exception is java.lang.IllegalArgumentException: Failed to create query for method public abstract com.challenge.entity.Acceleration com.challenge.repository.AccelerationRepository.findByCompanyId(long)! No property companyId found for type Acceleration!
Caused by: org.springframework.beans.factory.BeanCreationException: Error creating bean with name 'accelerationRepository': Invocation of init method failed; nested exception is java.lang.IllegalArgumentException: Failed to create query for method public abstract com.challenge.entity.Acceleration com.challenge.repository.AccelerationRepository.findByCompanyId(long)! No property companyId found for type Acceleration!
Caused by: java.lang.IllegalArgumentException: Failed to create query for method public abstract com.challenge.entity.Acceleration com.challenge.repository.AccelerationRepository.findByCompanyId(long)! No property companyId found for type Acceleration!
Caused by: org.springframework.data.mapping.PropertyReferenceException: No property companyId found for type Acceleration!

whenFindByCompanyId(com.challenge.suite.CandidateServiceTest)  Time elapsed: 0 s  <<< ERROR!
java.lang.IllegalStateException: Failed to load ApplicationContext
Caused by: org.springframework.beans.factory.UnsatisfiedDependencyException: Error creating bean with name 'accelerationService': Unsatisfied dependency expressed through field 'accelerationRepository'; nested exception is org.springframework.beans.factory.BeanCreationException: Error creating bean with name 'accelerationRepository': Invocation of init method failed; nested exception is java.lang.IllegalArgumentException: Failed to create query for method public abstract com.challenge.entity.Acceleration com.challenge.repository.AccelerationRepository.findByCompanyId(long)! No property companyId found for type Acceleration!
Caused by: org.springframework.beans.factory.BeanCreationException: Error creating bean with name 'accelerationRepository': Invocation of init method failed; nested exception is java.lang.IllegalArgumentException: Failed to create query for method public abstract com.challenge.entity.Acceleration com.challenge.repository.AccelerationRepository.findByCompanyId(long)! No property companyId found for type Acceleration!
Caused by: java.lang.IllegalArgumentException: Failed to create query for method public abstract com.challenge.entity.Acceleration com.challenge.repository.AccelerationRepository.findByCompanyId(long)! No property companyId found for type Acceleration!
Caused by: org.springframework.data.mapping.PropertyReferenceException: No property companyId found for type Acceleration!

whenFindById(com.challenge.suite.CandidateServiceTest)  Time elapsed: 0.001 s  <<< ERROR!
java.lang.IllegalStateException: Failed to load ApplicationContext
Caused by: org.springframework.beans.factory.UnsatisfiedDependencyException: Error creating bean with name 'accelerationService': Unsatisfied dependency expressed through field 'accelerationRepository'; nested exception is org.springframework.beans.factory.BeanCreationException: Error creating bean with name 'accelerationRepository': Invocation of init method failed; nested exception is java.lang.IllegalArgumentException: Failed to create query for method public abstract com.challenge.entity.Acceleration com.challenge.repository.AccelerationRepository.findByCompanyId(long)! No property companyId found for type Acceleration!
Caused by: org.springframework.beans.factory.BeanCreationException: Error creating bean with name 'accelerationRepository': Invocation of init method failed; nested exception is java.lang.IllegalArgumentException: Failed to create query for method public abstract com.challenge.entity.Acceleration com.challenge.repository.AccelerationRepository.findByCompanyId(long)! No property companyId found for type Acceleration!
Caused by: java.lang.IllegalArgumentException: Failed to create query for method public abstract com.challenge.entity.Acceleration com.challenge.repository.AccelerationRepository.findByCompanyId(long)! No property companyId found for type Acceleration!
Caused by: org.springframework.data.mapping.PropertyReferenceException: No property companyId found for type Acceleration!

whenFindByAccelerationId(com.challenge.suite.CandidateServiceTest)  Time elapsed: 0 s  <<< ERROR!
java.lang.IllegalStateException: Failed to load ApplicationContext
Caused by: org.springframework.beans.factory.UnsatisfiedDependencyException: Error creating bean with name 'accelerationService': Unsatisfied dependency expressed through field 'accelerationRepository'; nested exception is org.springframework.beans.factory.BeanCreationException: Error creating bean with name 'accelerationRepository': Invocation of init method failed; nested exception is java.lang.IllegalArgumentException: Failed to create query for method public abstract com.challenge.entity.Acceleration com.challenge.repository.AccelerationRepository.findByCompanyId(long)! No property companyId found for type Acceleration!
Caused by: org.springframework.beans.factory.BeanCreationException: Error creating bean with name 'accelerationRepository': Invocation of init method failed; nested exception is java.lang.IllegalArgumentException: Failed to create query for method public abstract com.challenge.entity.Acceleration com.challenge.repository.AccelerationRepository.findByCompanyId(long)! No property companyId found for type Acceleration!
Caused by: java.lang.IllegalArgumentException: Failed to create query for method public abstract com.challenge.entity.Acceleration com.challenge.repository.AccelerationRepository.findByCompanyId(long)! No property companyId found for type Acceleration!
Caused by: org.springframework.data.mapping.PropertyReferenceException: No property companyId found for type Acceleration!

whenFindByIdThenNotFound(com.challenge.suite.CandidateServiceTest)  Time elapsed: 0 s  <<< ERROR!
java.lang.IllegalStateException: Failed to load ApplicationContext
Caused by: org.springframework.beans.factory.UnsatisfiedDependencyException: Error creating bean with name 'accelerationService': Unsatisfied dependency expressed through field 'accelerationRepository'; nested exception is org.springframework.beans.factory.BeanCreationException: Error creating bean with name 'accelerationRepository': Invocation of init method failed; nested exception is java.lang.IllegalArgumentException: Failed to create query for method public abstract com.challenge.entity.Acceleration com.challenge.repository.AccelerationRepository.findByCompanyId(long)! No property companyId found for type Acceleration!
Caused by: org.springframework.beans.factory.BeanCreationException: Error creating bean with name 'accelerationRepository': Invocation of init method failed; nested exception is java.lang.IllegalArgumentException: Failed to create query for method public abstract com.challenge.entity.Acceleration com.challenge.repository.AccelerationRepository.findByCompanyId(long)! No property companyId found for type Acceleration!
Caused by: java.lang.IllegalArgumentException: Failed to create query for method public abstract com.challenge.entity.Acceleration com.challenge.repository.AccelerationRepository.findByCompanyId(long)! No property companyId found for type Acceleration!
Caused by: org.springframework.data.mapping.PropertyReferenceException: No property companyId found for type Acceleration!

whenFindByAccelerationIdAndUserId(com.challenge.suite.ChallengeServiceTest)  Time elapsed: 0.001 s  <<< ERROR!
java.lang.IllegalStateException: Failed to load ApplicationContext
Caused by: org.springframework.beans.factory.UnsatisfiedDependencyException: Error creating bean with name 'accelerationService': Unsatisfied dependency expressed through field 'accelerationRepository'; nested exception is org.springframework.beans.factory.BeanCreationException: Error creating bean with name 'accelerationRepository': Invocation of init method failed; nested exception is java.lang.IllegalArgumentException: Failed to create query for method public abstract com.challenge.entity.Acceleration com.challenge.repository.AccelerationRepository.findByCompanyId(long)! No property companyId found for type Acceleration!
Caused by: org.springframework.beans.factory.BeanCreationException: Error creating bean with name 'accelerationRepository': Invocation of init method failed; nested exception is java.lang.IllegalArgumentException: Failed to create query for method public abstract com.challenge.entity.Acceleration com.challenge.repository.AccelerationRepository.findByCompanyId(long)! No property companyId found for type Acceleration!
Caused by: java.lang.IllegalArgumentException: Failed to create query for method public abstract com.challenge.entity.Acceleration com.challenge.repository.AccelerationRepository.findByCompanyId(long)! No property companyId found for type Acceleration!
Caused by: org.springframework.data.mapping.PropertyReferenceException: No property companyId found for type Acceleration!

whenFindById(com.challenge.suite.CompanyServiceTest)  Time elapsed: 0.001 s  <<< ERROR!
java.lang.IllegalStateException: Failed to load ApplicationContext
Caused by: org.springframework.beans.factory.UnsatisfiedDependencyException: Error creating bean with name 'accelerationService': Unsatisfied dependency expressed through field 'accelerationRepository'; nested exception is org.springframework.beans.factory.BeanCreationException: Error creating bean with name 'accelerationRepository': Invocation of init method failed; nested exception is java.lang.IllegalArgumentException: Failed to create query for method public abstract com.challenge.entity.Acceleration com.challenge.repository.AccelerationRepository.findByCompanyId(long)! No property companyId found for type Acceleration!
Caused by: org.springframework.beans.factory.BeanCreationException: Error creating bean with name 'accelerationRepository': Invocation of init method failed; nested exception is java.lang.IllegalArgumentException: Failed to create query for method public abstract com.challenge.entity.Acceleration com.challenge.repository.AccelerationRepository.findByCompanyId(long)! No property companyId found for type Acceleration!
Caused by: java.lang.IllegalArgumentException: Failed to create query for method public abstract com.challenge.entity.Acceleration com.challenge.repository.AccelerationRepository.findByCompanyId(long)! No property companyId found for type Acceleration!
Caused by: org.springframework.data.mapping.PropertyReferenceException: No property companyId found for type Acceleration!

whenFindByAccelerationId(com.challenge.suite.CompanyServiceTest)  Time elapsed: 0.001 s  <<< ERROR!
java.lang.IllegalStateException: Failed to load ApplicationContext
Caused by: org.springframework.beans.factory.UnsatisfiedDependencyException: Error creating bean with name 'accelerationService': Unsatisfied dependency expressed through field 'accelerationRepository'; nested exception is org.springframework.beans.factory.BeanCreationException: Error creating bean with name 'accelerationRepository': Invocation of init method failed; nested exception is java.lang.IllegalArgumentException: Failed to create query for method public abstract com.challenge.entity.Acceleration com.challenge.repository.AccelerationRepository.findByCompanyId(long)! No property companyId found for type Acceleration!
Caused by: org.springframework.beans.factory.BeanCreationException: Error creating bean with name 'accelerationRepository': Invocation of init method failed; nested exception is java.lang.IllegalArgumentException: Failed to create query for method public abstract com.challenge.entity.Acceleration com.challenge.repository.AccelerationRepository.findByCompanyId(long)! No property companyId found for type Acceleration!
Caused by: java.lang.IllegalArgumentException: Failed to create query for method public abstract com.challenge.entity.Acceleration com.challenge.repository.AccelerationRepository.findByCompanyId(long)! No property companyId found for type Acceleration!
Caused by: org.springframework.data.mapping.PropertyReferenceException: No property companyId found for type Acceleration!

whenFindByIdThenNotFound(com.challenge.suite.CompanyServiceTest)  Time elapsed: 0.001 s  <<< ERROR!
java.lang.IllegalStateException: Failed to load ApplicationContext
Caused by: org.springframework.beans.factory.UnsatisfiedDependencyException: Error creating bean with name 'accelerationService': Unsatisfied dependency expressed through field 'accelerationRepository'; nested exception is org.springframework.beans.factory.BeanCreationException: Error creating bean with name 'accelerationRepository': Invocation of init method failed; nested exception is java.lang.IllegalArgumentException: Failed to create query for method public abstract com.challenge.entity.Acceleration com.challenge.repository.AccelerationRepository.findByCompanyId(long)! No property companyId found for type Acceleration!
Caused by: org.springframework.beans.factory.BeanCreationException: Error creating bean with name 'accelerationRepository': Invocation of init method failed; nested exception is java.lang.IllegalArgumentException: Failed to create query for method public abstract com.challenge.entity.Acceleration com.challenge.repository.AccelerationRepository.findByCompanyId(long)! No property companyId found for type Acceleration!
Caused by: java.lang.IllegalArgumentException: Failed to create query for method public abstract com.challenge.entity.Acceleration com.challenge.repository.AccelerationRepository.findByCompanyId(long)! No property companyId found for type Acceleration!
Caused by: org.springframework.data.mapping.PropertyReferenceException: No property companyId found for type Acceleration!

whenFindByUserId(com.challenge.suite.CompanyServiceTest)  Time elapsed: 0 s  <<< ERROR!
java.lang.IllegalStateException: Failed to load ApplicationContext
Caused by: org.springframework.beans.factory.UnsatisfiedDependencyException: Error creating bean with name 'accelerationService': Unsatisfied dependency expressed through field 'accelerationRepository'; nested exception is org.springframework.beans.factory.BeanCreationException: Error creating bean with name 'accelerationRepository': Invocation of init method failed; nested exception is java.lang.IllegalArgumentException: Failed to create query for method public abstract com.challenge.entity.Acceleration com.challenge.repository.AccelerationRepository.findByCompanyId(long)! No property companyId found for type Acceleration!
Caused by: org.springframework.beans.factory.BeanCreationException: Error creating bean with name 'accelerationRepository': Invocation of init method failed; nested exception is java.lang.IllegalArgumentException: Failed to create query for method public abstract com.challenge.entity.Acceleration com.challenge.repository.AccelerationRepository.findByCompanyId(long)! No property companyId found for type Acceleration!
Caused by: java.lang.IllegalArgumentException: Failed to create query for method public abstract com.challenge.entity.Acceleration com.challenge.repository.AccelerationRepository.findByCompanyId(long)! No property companyId found for type Acceleration!
Caused by: org.springframework.data.mapping.PropertyReferenceException: No property companyId found for type Acceleration!

whenFindByChallengeIdAndAccelerationId(com.challenge.suite.SubmissionServiceTest)  Time elapsed: 0.007 s  <<< ERROR!
java.lang.IllegalStateException: Failed to load ApplicationContext
Caused by: org.springframework.beans.factory.UnsatisfiedDependencyException: Error creating bean with name 'accelerationService': Unsatisfied dependency expressed through field 'accelerationRepository'; nested exception is org.springframework.beans.factory.BeanCreationException: Error creating bean with name 'accelerationRepository': Invocation of init method failed; nested exception is java.lang.IllegalArgumentException: Failed to create query for method public abstract com.challenge.entity.Acceleration com.challenge.repository.AccelerationRepository.findByCompanyId(long)! No property companyId found for type Acceleration!
Caused by: org.springframework.beans.factory.BeanCreationException: Error creating bean with name 'accelerationRepository': Invocation of init method failed; nested exception is java.lang.IllegalArgumentException: Failed to create query for method public abstract com.challenge.entity.Acceleration com.challenge.repository.AccelerationRepository.findByCompanyId(long)! No property companyId found for type Acceleration!
Caused by: java.lang.IllegalArgumentException: Failed to create query for method public abstract com.challenge.entity.Acceleration com.challenge.repository.AccelerationRepository.findByCompanyId(long)! No property companyId found for type Acceleration!
Caused by: org.springframework.data.mapping.PropertyReferenceException: No property companyId found for type Acceleration!

whenFindHigherScoreByChallengeIdReturnNotFound(com.challenge.suite.SubmissionServiceTest)  Time elapsed: 0.001 s  <<< ERROR!
java.lang.IllegalStateException: Failed to load ApplicationContext
Caused by: org.springframework.beans.factory.UnsatisfiedDependencyException: Error creating bean with name 'accelerationService': Unsatisfied dependency expressed through field 'accelerationRepository'; nested exception is org.springframework.beans.factory.BeanCreationException: Error creating bean with name 'accelerationRepository': Invocation of init method failed; nested exception is java.lang.IllegalArgumentException: Failed to create query for method public abstract com.challenge.entity.Acceleration com.challenge.repository.AccelerationRepository.findByCompanyId(long)! No property companyId found for type Acceleration!
Caused by: org.springframework.beans.factory.BeanCreationException: Error creating bean with name 'accelerationRepository': Invocation of init method failed; nested exception is java.lang.IllegalArgumentException: Failed to create query for method public abstract com.challenge.entity.Acceleration com.challenge.repository.AccelerationRepository.findByCompanyId(long)! No property companyId found for type Acceleration!
Caused by: java.lang.IllegalArgumentException: Failed to create query for method public abstract com.challenge.entity.Acceleration com.challenge.repository.AccelerationRepository.findByCompanyId(long)! No property companyId found for type Acceleration!
Caused by: org.springframework.data.mapping.PropertyReferenceException: No property companyId found for type Acceleration!

whenFindHigherScoreByChallengeId(com.challenge.suite.SubmissionServiceTest)  Time elapsed: 0.001 s  <<< ERROR!
java.lang.IllegalStateException: Failed to load ApplicationContext
Caused by: org.springframework.beans.factory.UnsatisfiedDependencyException: Error creating bean with name 'accelerationService': Unsatisfied dependency expressed through field 'accelerationRepository'; nested exception is org.springframework.beans.factory.BeanCreationException: Error creating bean with name 'accelerationRepository': Invocation of init method failed; nested exception is java.lang.IllegalArgumentException: Failed to create query for method public abstract com.challenge.entity.Acceleration com.challenge.repository.AccelerationRepository.findByCompanyId(long)! No property companyId found for type Acceleration!
Caused by: org.springframework.beans.factory.BeanCreationException: Error creating bean with name 'accelerationRepository': Invocation of init method failed; nested exception is java.lang.IllegalArgumentException: Failed to create query for method public abstract com.challenge.entity.Acceleration com.challenge.repository.AccelerationRepository.findByCompanyId(long)! No property companyId found for type Acceleration!
Caused by: java.lang.IllegalArgumentException: Failed to create query for method public abstract com.challenge.entity.Acceleration com.challenge.repository.AccelerationRepository.findByCompanyId(long)! No property companyId found for type Acceleration!
Caused by: org.springframework.data.mapping.PropertyReferenceException: No property companyId found for type Acceleration!

whenFindByCompanyId(com.challenge.suite.UserServiceTest)  Time elapsed: 0 s  <<< ERROR!
java.lang.IllegalStateException: Failed to load ApplicationContext
Caused by: org.springframework.beans.factory.UnsatisfiedDependencyException: Error creating bean with name 'accelerationService': Unsatisfied dependency expressed through field 'accelerationRepository'; nested exception is org.springframework.beans.factory.BeanCreationException: Error creating bean with name 'accelerationRepository': Invocation of init method failed; nested exception is java.lang.IllegalArgumentException: Failed to create query for method public abstract com.challenge.entity.Acceleration com.challenge.repository.AccelerationRepository.findByCompanyId(long)! No property companyId found for type Acceleration!
Caused by: org.springframework.beans.factory.BeanCreationException: Error creating bean with name 'accelerationRepository': Invocation of init method failed; nested exception is java.lang.IllegalArgumentException: Failed to create query for method public abstract com.challenge.entity.Acceleration com.challenge.repository.AccelerationRepository.findByCompanyId(long)! No property companyId found for type Acceleration!
Caused by: java.lang.IllegalArgumentException: Failed to create query for method public abstract com.challenge.entity.Acceleration com.challenge.repository.AccelerationRepository.findByCompanyId(long)! No property companyId found for type Acceleration!
Caused by: org.springframework.data.mapping.PropertyReferenceException: No property companyId found for type Acceleration!

whenFindById(com.challenge.suite.UserServiceTest)  Time elapsed: 0 s  <<< ERROR!
java.lang.IllegalStateException: Failed to load ApplicationContext
Caused by: org.springframework.beans.factory.UnsatisfiedDependencyException: Error creating bean with name 'accelerationService': Unsatisfied dependency expressed through field 'accelerationRepository'; nested exception is org.springframework.beans.factory.BeanCreationException: Error creating bean with name 'accelerationRepository': Invocation of init method failed; nested exception is java.lang.IllegalArgumentException: Failed to create query for method public abstract com.challenge.entity.Acceleration com.challenge.repository.AccelerationRepository.findByCompanyId(long)! No property companyId found for type Acceleration!
Caused by: org.springframework.beans.factory.BeanCreationException: Error creating bean with name 'accelerationRepository': Invocation of init method failed; nested exception is java.lang.IllegalArgumentException: Failed to create query for method public abstract com.challenge.entity.Acceleration com.challenge.repository.AccelerationRepository.findByCompanyId(long)! No property companyId found for type Acceleration!
Caused by: java.lang.IllegalArgumentException: Failed to create query for method public abstract com.challenge.entity.Acceleration com.challenge.repository.AccelerationRepository.findByCompanyId(long)! No property companyId found for type Acceleration!
Caused by: org.springframework.data.mapping.PropertyReferenceException: No property companyId found for type Acceleration!

whenFindByAccelerationName(com.challenge.suite.UserServiceTest)  Time elapsed: 0 s  <<< ERROR!
java.lang.IllegalStateException: Failed to load ApplicationContext
Caused by: org.springframework.beans.factory.UnsatisfiedDependencyException: Error creating bean with name 'accelerationService': Unsatisfied dependency expressed through field 'accelerationRepository'; nested exception is org.springframework.beans.factory.BeanCreationException: Error creating bean with name 'accelerationRepository': Invocation of init method failed; nested exception is java.lang.IllegalArgumentException: Failed to create query for method public abstract com.challenge.entity.Acceleration com.challenge.repository.AccelerationRepository.findByCompanyId(long)! No property companyId found for type Acceleration!
Caused by: org.springframework.beans.factory.BeanCreationException: Error creating bean with name 'accelerationRepository': Invocation of init method failed; nested exception is java.lang.IllegalArgumentException: Failed to create query for method public abstract com.challenge.entity.Acceleration com.challenge.repository.AccelerationRepository.findByCompanyId(long)! No property companyId found for type Acceleration!
Caused by: java.lang.IllegalArgumentException: Failed to create query for method public abstract com.challenge.entity.Acceleration com.challenge.repository.AccelerationRepository.findByCompanyId(long)! No property companyId found for type Acceleration!
Caused by: org.springframework.data.mapping.PropertyReferenceException: No property companyId found for type Acceleration!

whenSave(com.challenge.suite.UserServiceTest)  Time elapsed: 0.001 s  <<< ERROR!
java.lang.IllegalStateException: Failed to load ApplicationContext
Caused by: org.springframework.beans.factory.UnsatisfiedDependencyException: Error creating bean with name 'accelerationService': Unsatisfied dependency expressed through field 'accelerationRepository'; nested exception is org.springframework.beans.factory.BeanCreationException: Error creating bean with name 'accelerationRepository': Invocation of init method failed; nested exception is java.lang.IllegalArgumentException: Failed to create query for method public abstract com.challenge.entity.Acceleration com.challenge.repository.AccelerationRepository.findByCompanyId(long)! No property companyId found for type Acceleration!
Caused by: org.springframework.beans.factory.BeanCreationException: Error creating bean with name 'accelerationRepository': Invocation of init method failed; nested exception is java.lang.IllegalArgumentException: Failed to create query for method public abstract com.challenge.entity.Acceleration com.challenge.repository.AccelerationRepository.findByCompanyId(long)! No property companyId found for type Acceleration!
Caused by: java.lang.IllegalArgumentException: Failed to create query for method public abstract com.challenge.entity.Acceleration com.challenge.repository.AccelerationRepository.findByCompanyId(long)! No property companyId found for type Acceleration!
Caused by: org.springframework.data.mapping.PropertyReferenceException: No property companyId found for type Acceleration!

