<?xml version="1.0" encoding="UTF-8"?>
<testsuite xmlns:xsi="http://www.w3.org/2001/XMLSchema-instance" xsi:noNamespaceSchemaLocation="https://maven.apache.org/surefire/maven-surefire-plugin/xsd/surefire-test-report.xsd" name="com.challenge.suite.ChallengeTestSuite" time="13.713" tests="18" errors="0" skipped="0" failures="2">
  <properties>
[...]
</properties>
  <testcase name="whenFindByCompanyId" classname="com.challenge.suite.AccelerationServiceTest" time="0.663"/>
  <testcase name="whenFindById" classname="com.challenge.suite.AccelerationServiceTest" time="0.046"/>
  <testcase name="whenFindByCompanyId" classname="com.challenge.suite.CandidateServiceTest" time="0.079"/>
  <testcase name="whenFindById" classname="com.challenge.suite.CandidateServiceTest" time="0.5"/>
  <testcase name="whenFindByAccelerationId" classname="com.challenge.suite.CandidateServiceTest" time="0.067"/>
  <testcase name="whenFindByIdThenNotFound" classname="com.challenge.suite.CandidateServiceTest" time="0.059"/>
  <testcase name="whenFindByAccelerationIdAndUserId" classname="com.challenge.suite.ChallengeServiceTest" time="0.057"/>
  <testcase name="whenFindById" classname="com.challenge.suite.CompanyServiceTest" time="0.047"/>
  <testcase name="whenFindByAccelerationId" classname="com.challenge.suite.CompanyServiceTest" time="0.051"/>
  <testcase name="whenFindByIdThenNotFound" classname="com.challenge.suite.CompanyServiceTest" time="0.081"/>
  <testcase name="whenFindByUserId" classname="com.challenge.suite.CompanyServiceTest" time="0.05"/>
  <testcase name="whenFindByChallengeIdAndAccelerationId" classname="com.challenge.suite.SubmissionServiceTest" time="0.066"/>
  <testcase name="whenFindHigherScoreByChallengeIdReturnNotFound" classname="com.challenge.suite.SubmissionServiceTest" time="0.13">
    <failure message="&#10;Expected: a value equal to &lt;0&gt;&#10;     but: was null" type="java.lang.AssertionError"><![CDATA[java.lang.AssertionError: 

Expected: a value equal to <0>
     but: was null
	at com.challenge.suite.SubmissionServiceTest.whenFindHigherScoreByChallengeIdReturnNotFound(SubmissionServiceTest.java:42)
]]></failure>
    <system-out><![CDATA[2020-03-16 07:34:07.413  INFO 8834 --- [           main] o.s.t.c.transaction.TransactionContext   : Began transaction (1) for test context [DefaultTestContext@7891cf3 testClass = SubmissionServiceTest, testInstance = com.challenge.suite.SubmissionServiceTest@1fd0ae78, testMethod = whenFindHigherScoreByChallengeIdReturnNotFound@SubmissionServiceTest, testException = [null], mergedContextConfiguration = [MergedContextConfiguration@349aeec4 testClass = SubmissionServiceTest, locations = '{}', classes = '{class com.challenge.SpringChallengeApplication}', contextInitializerClasses = '[]', activeProfiles = '{}', propertySourceLocations = '{}', propertySourceProperties = '{org.springframework.boot.test.context.SpringBootTestContextBootstrapper=true}', contextCustomizers = set[org.springframework.boot.test.context.filter.ExcludeFilterContextCustomizer@23529fee, org.springframework.boot.test.json.DuplicateJsonObjectContextCustomizerFactory$DuplicateJsonObjectContextCustomizer@184cf7cf, org.springframework.boot.test.mock.mockito.MockitoContextCustomizer@0, org.springframework.boot.test.web.client.TestRestTemplateContextCustomizer@27ae2fd0, org.springframework.boot.test.autoconfigure.properties.PropertyMappingContextCustomizer@0, org.springframework.boot.test.autoconfigure.web.servlet.WebDriverContextCustomizerFactory$Customizer@12b0404f], contextLoader = 'org.springframework.boot.test.context.SpringBootContextLoader', parent = [null]], attributes = map[[empty]]]; transaction manager [org.springframework.orm.jpa.JpaTransactionManager@6ffc6ea7]; rollback [true]
Hibernate:  SELECT max(s.score) FROM Submission s  INNER JOIN Challenge cha  ON s.challenge_id = cha.id AND cha.id = ? 
2020-03-16 07:34:07.509  INFO 8834 --- [           main] o.s.t.c.transaction.TransactionContext   : Rolled back transaction for test: [DefaultTestContext@7891cf3 testClass = SubmissionServiceTest, testInstance = com.challenge.suite.SubmissionServiceTest@1fd0ae78, testMethod = whenFindHigherScoreByChallengeIdReturnNotFound@SubmissionServiceTest, testException = java.lang.AssertionError: 
Expected: a value equal to <0>
     but: was null, mergedContextConfiguration = [MergedContextConfiguration@349aeec4 testClass = SubmissionServiceTest, locations = '{}', classes = '{class com.challenge.SpringChallengeApplication}', contextInitializerClasses = '[]', activeProfiles = '{}', propertySourceLocations = '{}', propertySourceProperties = '{org.springframework.boot.test.context.SpringBootTestContextBootstrapper=true}', contextCustomizers = set[org.springframework.boot.test.context.filter.ExcludeFilterContextCustomizer@23529fee, org.springframework.boot.test.json.DuplicateJsonObjectContextCustomizerFactory$DuplicateJsonObjectContextCustomizer@184cf7cf, org.springframework.boot.test.mock.mockito.MockitoContextCustomizer@0, org.springframework.boot.test.web.client.TestRestTemplateContextCustomizer@27ae2fd0, org.springframework.boot.test.autoconfigure.properties.PropertyMappingContextCustomizer@0, org.springframework.boot.test.autoconfigure.web.servlet.WebDriverContextCustomizerFactory$Customizer@12b0404f], contextLoader = 'org.springframework.boot.test.context.SpringBootContextLoader', parent = [null]], attributes = map[[empty]]]
]]></system-out>
  </testcase>
  <testcase name="whenFindHigherScoreByChallengeId" classname="com.challenge.suite.SubmissionServiceTest" time="0.045"/>
  <testcase name="whenFindByCompanyId" classname="com.challenge.suite.UserServiceTest" time="0.021"/>
  <testcase name="whenFindById" classname="com.challenge.suite.UserServiceTest" time="0.032"/>
  <testcase name="whenFindByAccelerationName" classname="com.challenge.suite.UserServiceTest" time="0.033"/>
  <testcase name="whenSave" classname="com.challenge.suite.UserServiceTest" time="0.052">
    <failure message="&#10;Expected: not null&#10;     but: was null" type="java.lang.AssertionError">java.lang.AssertionError: 

Expected: not null
     but: was null
	at com.challenge.suite.UserServiceTest.assertUser(UserServiceTest.java:76)
	at com.challenge.suite.UserServiceTest.whenSave(UserServiceTest.java:42)
</failure>
    <system-out><![CDATA[2020-03-16 07:34:07.660  INFO 8834 --- [           main] o.s.t.c.transaction.TransactionContext   : Began transaction (1) for test context [DefaultTestContext@3180aee testClass = UserServiceTest, testInstance = com.challenge.suite.UserServiceTest@3e71a1f8, testMethod = whenSave@UserServiceTest, testException = [null], mergedContextConfiguration = [MergedContextConfiguration@288b73c1 testClass = UserServiceTest, locations = '{}', classes = '{class com.challenge.SpringChallengeApplication}', contextInitializerClasses = '[]', activeProfiles = '{}', propertySourceLocations = '{}', propertySourceProperties = '{org.springframework.boot.test.context.SpringBootTestContextBootstrapper=true}', contextCustomizers = set[org.springframework.boot.test.context.filter.ExcludeFilterContextCustomizer@23529fee, org.springframework.boot.test.json.DuplicateJsonObjectContextCustomizerFactory$DuplicateJsonObjectContextCustomizer@184cf7cf, org.springframework.boot.test.mock.mockito.MockitoContextCustomizer@0, org.springframework.boot.test.web.client.TestRestTemplateContextCustomizer@27ae2fd0, org.springframework.boot.test.autoconfigure.properties.PropertyMappingContextCustomizer@0, org.springframework.boot.test.autoconfigure.web.servlet.WebDriverContextCustomizerFactory$Customizer@12b0404f], contextLoader = 'org.springframework.boot.test.context.SpringBootContextLoader', parent = [null]], attributes = map[[empty]]]; transaction manager [org.springframework.orm.jpa.JpaTransactionManager@6ffc6ea7]; rollback [true]
Hibernate: insert into users (id, created_at, email, full_name, nickname, password) values (null, ?, ?, ?, ?, ?)
2020-03-16 07:34:07.710  INFO 8834 --- [           main] o.s.t.c.transaction.TransactionContext   : Rolled back transaction for test: [DefaultTestContext@3180aee testClass = UserServiceTest, testInstance = com.challenge.suite.UserServiceTest@3e71a1f8, testMethod = whenSave@UserServiceTest, testException = java.lang.AssertionError: 
Expected: not null
     but: was null, mergedContextConfiguration = [MergedContextConfiguration@288b73c1 testClass = UserServiceTest, locations = '{}', classes = '{class com.challenge.SpringChallengeApplication}', contextInitializerClasses = '[]', activeProfiles = '{}', propertySourceLocations = '{}', propertySourceProperties = '{org.springframework.boot.test.context.SpringBootTestContextBootstrapper=true}', contextCustomizers = set[org.springframework.boot.test.context.filter.ExcludeFilterContextCustomizer@23529fee, org.springframework.boot.test.json.DuplicateJsonObjectContextCustomizerFactory$DuplicateJsonObjectContextCustomizer@184cf7cf, org.springframework.boot.test.mock.mockito.MockitoContextCustomizer@0, org.springframework.boot.test.web.client.TestRestTemplateContextCustomizer@27ae2fd0, org.springframework.boot.test.autoconfigure.properties.PropertyMappingContextCustomizer@0, org.springframework.boot.test.autoconfigure.web.servlet.WebDriverContextCustomizerFactory$Customizer@12b0404f], contextLoader = 'org.springframework.boot.test.context.SpringBootContextLoader', parent = [null]], attributes = map[[empty]]]
]]></system-out>
  </testcase>
</testsuite>